Unable to find image 'sangeetakakati/rust-matrix-native:latest' locally
latest: Pulling from sangeetakakati/rust-matrix-native
88dec0dbc9ef: Pulling fs layer
88dec0dbc9ef: Verifying Checksum
88dec0dbc9ef: Download complete
88dec0dbc9ef: Pull complete
Digest: sha256:efcc834755ff93c1b514d37cd10ed386e8604939e1e291dbf584c60cfdd39f39
Status: Downloaded newer image for sangeetakakati/rust-matrix-native:latest
Main function started at: 1727770440431 ms
Sum of all elements: 248412.27601460196
Time taken: 11.165344ms

real	0m3,495s
user	0m0,036s
sys	0m0,024s
Unable to find image 'sangeetakakati/rust-matrix-wasm:wasm' locally
wasm: Pulling from sangeetakakati/rust-matrix-wasm
10187fd60e04: Pulling fs layer
10187fd60e04: Verifying Checksum
10187fd60e04: Download complete
10187fd60e04: Pull complete
Digest: sha256:8ce367cf6f2312ff49befb48b4eed30ddbfd31455fbae7cd63d159b89a2a5405
Status: Downloaded newer image for sangeetakakati/rust-matrix-wasm:wasm
Main function started at: 1727770444283 ms
Sum of all elements: 251213.07415040486
Time taken: 10.811379ms

real	0m3,766s
user	0m0,044s
sys	0m0,012s
Unable to find image 'sangeetakakati/tinygo-matrix-native:latest' locally
latest: Pulling from sangeetakakati/tinygo-matrix-native
8cee23ec6c27: Pulling fs layer
8cee23ec6c27: Download complete
8cee23ec6c27: Pull complete
Digest: sha256:a83fe4d354a7a4b78ca36ba198da1886f13efb5f25a32e3e85014e35b9dbc552
Status: Downloaded newer image for sangeetakakati/tinygo-matrix-native:latest
Main function started at: 1727770447792 ms
Sum of all elements: 253198.288538
Time taken: 10.182344ms

real	0m3,499s
user	0m0,048s
sys	0m0,008s
Unable to find image 'sangeetakakati/tinygo-matrix-wasm:wasm' locally
wasm: Pulling from sangeetakakati/tinygo-matrix-wasm
e605fac67e35: Pulling fs layer
e605fac67e35: Download complete
e605fac67e35: Pull complete
Digest: sha256:46535ba3633a602729f64b1219b8d166f478b73d8930c0ce3a8cddea60527158
Status: Downloaded newer image for sangeetakakati/tinygo-matrix-wasm:wasm
Main function started at: 1727770452381 ms
Sum of all elements: 250363.854545
Time taken: 15.365122ms

real	0m4,499s
user	0m0,036s
sys	0m0,032s
