Unable to find image 'sangeetakakati/rust-matrix-native:latest' locally
latest: Pulling from sangeetakakati/rust-matrix-native
a7ed2b91c90e: Pulling fs layer
a7ed2b91c90e: Verifying Checksum
a7ed2b91c90e: Download complete
a7ed2b91c90e: Pull complete
Digest: sha256:0a38f0b960b2040090aeaf858d087b7fae86c658fa542a31eef650e1401ac341
Status: Downloaded newer image for sangeetakakati/rust-matrix-native:latest
Main function started at: 1728293514858 ms
Sum of all elements: 253325.8698655178
Time taken: 2.525247ms

real	0m2.448s
user	0m0.019s
sys	0m0.012s
Unable to find image 'sangeetakakati/rust-matrix-wasm:wasm' locally
wasm: Pulling from sangeetakakati/rust-matrix-wasm
10187fd60e04: Pulling fs layer
10187fd60e04: Verifying Checksum
10187fd60e04: Download complete
10187fd60e04: Pull complete
Digest: sha256:8ce367cf6f2312ff49befb48b4eed30ddbfd31455fbae7cd63d159b89a2a5405
Status: Downloaded newer image for sangeetakakati/rust-matrix-wasm:wasm
Main function started at: 1728293517298 ms
Sum of all elements: 250418.46366165322
Time taken: 2.923411ms

real	0m2.415s
user	0m0.012s
sys	0m0.012s
Unable to find image 'sangeetakakati/tinygo-matrix-native:latest' locally
latest: Pulling from sangeetakakati/tinygo-matrix-native
f0387f9b6588: Pulling fs layer
f0387f9b6588: Download complete
f0387f9b6588: Pull complete
Digest: sha256:a83fe4d354a7a4b78ca36ba198da1886f13efb5f25a32e3e85014e35b9dbc552
Status: Downloaded newer image for sangeetakakati/tinygo-matrix-native:latest
Main function started at: 1728293519809 ms
Sum of all elements: 249496.536418
Time taken: 2.547677ms

real	0m2.489s
user	0m0.020s
sys	0m0.012s
Unable to find image 'sangeetakakati/tinygo-matrix-wasm:wasm' locally
wasm: Pulling from sangeetakakati/tinygo-matrix-wasm
e605fac67e35: Pulling fs layer
e605fac67e35: Verifying Checksum
e605fac67e35: Download complete
e605fac67e35: Pull complete
Digest: sha256:46535ba3633a602729f64b1219b8d166f478b73d8930c0ce3a8cddea60527158
Status: Downloaded newer image for sangeetakakati/tinygo-matrix-wasm:wasm
Main function started at: 1728293522442 ms
Sum of all elements: 248290.790749
Time taken: 3.235719ms

real	0m2.731s
user	0m0.018s
sys	0m0.013s
Unable to find image 'sangeetakakati/cpp-matrix-native:latest' locally
latest: Pulling from sangeetakakati/cpp-matrix-native
4d82d1282db5: Pulling fs layer
4d82d1282db5: Verifying Checksum
4d82d1282db5: Download complete
4d82d1282db5: Pull complete
Digest: sha256:5049141af5bb146eefa81f4ff7465950c151c85b4a24bc95f8ee95ec777e38db
Status: Downloaded newer image for sangeetakakati/cpp-matrix-native:latest
Main function started at: 1728293525046 ms
Sum of all elements: 248599
Time taken: 0.00109334 seconds

real	0m2.442s
user	0m0.011s
sys	0m0.014s
Unable to find image 'sangeetakakati/cpp-matrix-wasm:wasm' locally
wasm: Pulling from sangeetakakati/cpp-matrix-wasm
511cebc816f5: Pulling fs layer
511cebc816f5: Verifying Checksum
511cebc816f5: Download complete
511cebc816f5: Pull complete
Digest: sha256:18f041ba5395e3f8446d0ab2746ef123d526ecb81d0d2aec57dc15fe30dc6085
Status: Downloaded newer image for sangeetakakati/cpp-matrix-wasm:wasm
Main function started at: 1728293527474 ms
Sum of all elements: 61980.3
Time taken: 0.00119265 seconds

real	0m2.404s
user	0m0.017s
sys	0m0.014s
