
Testing with forced fresh pull:

============================================
Running sangeetakakati/rust-matrix-native:latest with  (Fresh Pull: true)
--------------------------------------------
Removing image sangeetakakati/rust-matrix-native:latest to force fresh pull...
latest: Pulling from sangeetakakati/rust-matrix-native
88dec0dbc9ef: Pull complete
Digest: sha256:0a38f0b960b2040090aeaf858d087b7fae86c658fa542a31eef650e1401ac341
Status: Downloaded newer image for sangeetakakati/rust-matrix-native:latest
docker.io/sangeetakakati/rust-matrix-native:latest
Image Pull Time: 2611 ms
Main function started at: 1729067878807 ms
Sum of all elements: 253120.81909147394
Time taken: 11.020402ms
Container Execution Time: 921 ms
--------------------------------------------
Execution for sangeetakakati/rust-matrix-native:latest completed
Total Execution Time: 3532 ms

============================================
Running sangeetakakati/rust-matrix-wasm:wasm with io.containerd.wasmtime.v2 (Fresh Pull: true)
--------------------------------------------
Removing image sangeetakakati/rust-matrix-wasm:wasm to force fresh pull...
wasm: Pulling from sangeetakakati/rust-matrix-wasm
88a498aee6fb: Pull complete
Digest: sha256:795f9a4d2be825b8c96c6c4863ea345b04685df4dbaf68893c42a382f9ccda05
Status: Downloaded newer image for sangeetakakati/rust-matrix-wasm:wasm
docker.io/sangeetakakati/rust-matrix-wasm:wasm
Image Pull Time: 2535 ms
Main function started at: 1729067882679 ms
Sum of all elements: 252870.72000873406
Time taken: 10.841023ms
Container Execution Time: 1329 ms
--------------------------------------------
Execution for sangeetakakati/rust-matrix-wasm:wasm completed
Total Execution Time: 3864 ms

============================================
Running sangeetakakati/tinygo-matrix-native:latest with  (Fresh Pull: true)
--------------------------------------------
Removing image sangeetakakati/tinygo-matrix-native:latest to force fresh pull...
latest: Pulling from sangeetakakati/tinygo-matrix-native
8cee23ec6c27: Pull complete
Digest: sha256:a83fe4d354a7a4b78ca36ba198da1886f13efb5f25a32e3e85014e35b9dbc552
Status: Downloaded newer image for sangeetakakati/tinygo-matrix-native:latest
docker.io/sangeetakakati/tinygo-matrix-native:latest
Image Pull Time: 2517 ms
Main function started at: 1729067886172 ms
Sum of all elements: 249185.664361
Time taken: 9.446406ms
Container Execution Time: 908 ms
--------------------------------------------
Execution for sangeetakakati/tinygo-matrix-native:latest completed
Total Execution Time: 3425 ms

============================================
Running sangeetakakati/tinygo-matrix-wasm:wasm with io.containerd.wasmtime.v2 (Fresh Pull: true)
--------------------------------------------
Removing image sangeetakakati/tinygo-matrix-wasm:wasm to force fresh pull...
wasm: Pulling from sangeetakakati/tinygo-matrix-wasm
335ab9c63246: Pull complete
Digest: sha256:ec2d1157769da07991163ea3e024eb0a0d9f72d576a9ca926ce00d9ba7ab8cbf
Status: Downloaded newer image for sangeetakakati/tinygo-matrix-wasm:wasm
docker.io/sangeetakakati/tinygo-matrix-wasm:wasm
Image Pull Time: 2572 ms
Main function started at: 1729067890590 ms
Sum of all elements: 249008.334910
Time taken: 16.586933ms
Container Execution Time: 1827 ms
--------------------------------------------
Execution for sangeetakakati/tinygo-matrix-wasm:wasm completed
Total Execution Time: 4399 ms

============================================
Running sangeetakakati/cpp-matrix-native:latest with  (Fresh Pull: true)
--------------------------------------------
Removing image sangeetakakati/cpp-matrix-native:latest to force fresh pull...
latest: Pulling from sangeetakakati/cpp-matrix-native
1c85d39e0e04: Pull complete
Digest: sha256:bf158c2fadc722a33f9f75075e9c29394d6cc723cea6df01c071264152368fc6
Status: Downloaded newer image for sangeetakakati/cpp-matrix-native:latest
docker.io/sangeetakakati/cpp-matrix-native:latest
Image Pull Time: 2744 ms
Main function started at: 1729067894305 ms
Sum of all elements: 249864
Time taken: 0.00468146 seconds
Container Execution Time: 933 ms
--------------------------------------------
Execution for sangeetakakati/cpp-matrix-native:latest completed
Total Execution Time: 3677 ms

============================================
Running sangeetakakati/cpp-matrix-wasm:wasm with io.containerd.wasmtime.v2 (Fresh Pull: true)
--------------------------------------------
Removing image sangeetakakati/cpp-matrix-wasm:wasm to force fresh pull...
wasm: Pulling from sangeetakakati/cpp-matrix-wasm
06b7cbb11283: Pull complete
Digest: sha256:9a65f736fee7a0a55eb9be60b1512c036a7feec6603406fa259acb4a1b4c97d1
Status: Downloaded newer image for sangeetakakati/cpp-matrix-wasm:wasm
docker.io/sangeetakakati/cpp-matrix-wasm:wasm
Image Pull Time: 2491 ms
Main function started at: 1729067898354 ms
Sum of all elements: 61980.3
Time taken: 0.0043564 seconds
Container Execution Time: 1517 ms
--------------------------------------------
Execution for sangeetakakati/cpp-matrix-wasm:wasm completed
Total Execution Time: 4008 ms

Testing with cached images:
Using cached image for sangeetakakati/rust-matrix-native:latest

============================================
Running sangeetakakati/rust-matrix-native:latest with  (Fresh Pull: false)
--------------------------------------------
Skipping image pull for cached image: sangeetakakati/rust-matrix-native:latest
Main function started at: 1729067899372 ms
Sum of all elements: 244725.6758024163
Time taken: 10.19278ms
Container Execution Time: 926 ms
--------------------------------------------
Execution for sangeetakakati/rust-matrix-native:latest completed
Total Execution Time: 926 ms
Using cached image for sangeetakakati/rust-matrix-wasm:wasm

============================================
Running sangeetakakati/rust-matrix-wasm:wasm with io.containerd.wasmtime.v2 (Fresh Pull: false)
--------------------------------------------
Skipping image pull for cached image: sangeetakakati/rust-matrix-wasm:wasm
Main function started at: 1729067900658 ms
Sum of all elements: 252649.13335230493
Time taken: 10.687113ms
Container Execution Time: 1266 ms
--------------------------------------------
Execution for sangeetakakati/rust-matrix-wasm:wasm completed
Total Execution Time: 1266 ms
Using cached image for sangeetakakati/tinygo-matrix-native:latest

============================================
Running sangeetakakati/tinygo-matrix-native:latest with  (Fresh Pull: false)
--------------------------------------------
Skipping image pull for cached image: sangeetakakati/tinygo-matrix-native:latest
Main function started at: 1729067901647 ms
Sum of all elements: 249329.455669
Time taken: 9.56901ms
Container Execution Time: 966 ms
--------------------------------------------
Execution for sangeetakakati/tinygo-matrix-native:latest completed
Total Execution Time: 966 ms
Using cached image for sangeetakakati/tinygo-matrix-wasm:wasm

============================================
Running sangeetakakati/tinygo-matrix-wasm:wasm with io.containerd.wasmtime.v2 (Fresh Pull: false)
--------------------------------------------
Skipping image pull for cached image: sangeetakakati/tinygo-matrix-wasm:wasm
Main function started at: 1729067903634 ms
Sum of all elements: 252525.653987
Time taken: 15.445188ms
Container Execution Time: 1927 ms
--------------------------------------------
Execution for sangeetakakati/tinygo-matrix-wasm:wasm completed
Total Execution Time: 1927 ms
Using cached image for sangeetakakati/cpp-matrix-native:latest

============================================
Running sangeetakakati/cpp-matrix-native:latest with  (Fresh Pull: false)
--------------------------------------------
Skipping image pull for cached image: sangeetakakati/cpp-matrix-native:latest
Main function started at: 1729067904647 ms
Sum of all elements: 250896
Time taken: 0.00470063 seconds
Container Execution Time: 966 ms
--------------------------------------------
Execution for sangeetakakati/cpp-matrix-native:latest completed
Total Execution Time: 966 ms
Using cached image for sangeetakakati/cpp-matrix-wasm:wasm

============================================
Running sangeetakakati/cpp-matrix-wasm:wasm with io.containerd.wasmtime.v2 (Fresh Pull: false)
--------------------------------------------
Skipping image pull for cached image: sangeetakakati/cpp-matrix-wasm:wasm
Main function started at: 1729067906142 ms
Sum of all elements: 61980.3
Time taken: 0.00410504 seconds
Container Execution Time: 1420 ms
--------------------------------------------
Execution for sangeetakakati/cpp-matrix-wasm:wasm completed
Total Execution Time: 1420 ms
